{"logTime": "1016/033658", "correlationVector":"fDMmg0iZ7ftAcKmFIirMRm.1","action":"SyncServerConnectionManagerRequest", "result":"SYNC_SERVER_OK", "context":{"environment":"Prod_southindia_prod-s01-004-apac-southindia", "migrationStage":"NotStarted", "server":"akswtt019000038"}}
{"logTime": "1016/033658", "correlationVector":"fDMmg0iZ7ftAcKmFIirMRm.2","action":"ProcessGetUpdates", "result":"Done", "context":{"dataType":"Encryption Keys", "deleted":"0", "process_failed_to_decrypt":"0", "process_pending_decryption":"0", "process_success":"1", "total":"1"}}
{"logTime": "1016/033700", "correlationVector":"c75crqE7+gu8kU84WI0Ky6","action":"SyncServerConnectionManagerRequest", "result":"SYNC_SERVER_OK", "context":{"environment":"", "migrationStage":"", "server":""}}
{"logTime": "1016/033700", "correlationVector":"c75crqE7+gu8kU84WI0Ky6.0","action":"EncryptionKeysFetcher.DownloadKeys:", "result":"Success", "context":Key count: 7, Last key timestamp: 2025-06-12T06:28:01Z}
{"logTime": "1016/033700", "correlationVector":"c75crqE7+gu8kU84WI0Ky6.1","action":"EncryptionKeysManager::SetEncryptionKeys:", "result":"Success", "context":Key names[7]:[XwZkw53AGcZqa9WRqPq9PXDE93/7AP13mCGZLmTDcY+hjJzpIojREqNABsKqGWXVYGU5lNUYU9WvXRyo5ZtiIw==][fsSS+r/ZkT6X0wHQRqDAHJu4jwZeTLMLpOXVg2Y7doteLhI8quqGMzL3DolKNydGd4bFIQ5J8sqvIOdXEfiTjQ==][V9oy0otng5ceANqA+4/87yeR23jHPg+OFKB5jrNzHWuKGNb66M4rzbz5eAUzSNBatnhKwRwoMifSuUf6ip13Bw==][45/xdvzs0fW5pnOOtTmPzF5v5aUjq/MuIYSaAuuKj+Jx7Jz/ikzSOU5ng7InJHUbvOBSHIWfQbTP6vxchmVzgQ==][8czH9bDnfzUyAgpOFC4yaIUfmAN1QeiJP3AOOf4mc8ghucukVRwg1P9OoPOz4WjoKVJNb+9QLldqhLEFceFfCQ==][jr2fHz2eCRguGqhrc8d4l+QTBA4ElfFZ1st8WdOwXRuxIIzCcz16pQBL9147NFDqX02re1NDu8SwhmNM0NEG7g==][cZoai2RfUmUZQfkvorPBMQkNI5ld7RvEqKHJycOx+igkREhHaDp5wmRVfnQg7CxJPVezZsNZVqqgvYZ+qw/BVQ==]}
{"logTime": "1016/033700", "correlationVector":"c75crqE7+gu8kU84WI0Ky6.2","action":"EncryptionKeysManager::SetEncryptionKeysWithTimestamps:", "result":"Success", "context":Key timestamps[7]:[2024-03-11T09:00:50Z][2024-09-07T18:16:14Z][2024-10-03T18:15:09Z][2024-11-20T13:53:00Z][2024-11-26T03:12:42Z][2024-12-06T05:12:20Z][2025-06-12T06:28:01Z]}
{"logTime": "1016/033700", "correlationVector":"fDMmg0iZ7ftAcKmFIirMRm","action":"Initial GetUpdates", "result":"", "context":Reason: NEW_CLIENT. cV=fDMmg0iZ7ftAcKmFIirMRm}
{"logTime": "1016/033700", "correlationVector":"fDMmg0iZ7ftAcKmFIirMRm.3","action":"GetUpdates Response", "result":"Success", "context":Received 1 update(s). cV=fDMmg0iZ7ftAcKmFIirMRm.0;server=akswtt019000038;cloudType=Consumer;environment=Prod_southindia_prod-s01-004-apac-southindia;migrationStage=NotStarted}
{"logTime": "1016/033700", "correlationVector":"JzOzdLvHbz4fzEkUZsAnVb","action":"Initial GetUpdates", "result":"", "context":Reason: NEWLY_SUPPORTED_DATATYPE. cV=JzOzdLvHbz4fzEkUZsAnVb}
{"logTime": "1016/033700", "correlationVector":"JzOzdLvHbz4fzEkUZsAnVb.1","action":"SyncServerConnectionManagerRequest", "result":"SYNC_SERVER_OK", "context":{"environment":"Prod_southindia_prod-s01-004-apac-southindia", "migrationStage":"NotStarted", "server":"akswtt019000007"}}
{"logTime": "1016/033700", "correlationVector":"JzOzdLvHbz4fzEkUZsAnVb.2","action":"ProcessGetUpdates", "result":"Done", "context":{"dataType":"Preferences", "deleted":"0", "process_failed_to_decrypt":"0", "process_pending_decryption":"0", "process_success":"73", "total":"73"}}
{"logTime": "1016/033700", "correlationVector":"JzOzdLvHbz4fzEkUZsAnVb.3","action":"ProcessGetUpdates", "result":"Done", "context":{"dataType":"Passwords", "deleted":"1", "process_failed_to_decrypt":"0", "process_pending_decryption":"0", "process_success":"33", "total":"33"}}
{"logTime": "1016/033700", "correlationVector":"JzOzdLvHbz4fzEkUZsAnVb.4","action":"ProcessGetUpdates", "result":"Done", "context":{"dataType":"Device Info", "deleted":"0", "process_failed_to_decrypt":"0", "process_pending_decryption":"0", "process_success":"3", "total":"3"}}
{"logTime": "1016/033700", "correlationVector":"JzOzdLvHbz4fzEkUZsAnVb.5","action":"GetUpdates Response", "result":"Success", "context":Received 109 update(s). cV=JzOzdLvHbz4fzEkUZsAnVb.0;server=akswtt019000007;cloudType=Consumer;environment=Prod_southindia_prod-s01-004-apac-southindia;migrationStage=NotStarted}
{"logTime": "1016/033700", "correlationVector":"FQE8TYOMVCVbkJTf1+Neyd","action":"Initial GetUpdates", "result":"", "context":Reason: NEWLY_SUPPORTED_DATATYPE. cV=FQE8TYOMVCVbkJTf1+Neyd}
{"logTime": "1016/033701", "correlationVector":"FQE8TYOMVCVbkJTf1+Neyd.1","action":"SyncServerConnectionManagerRequest", "result":"SYNC_SERVER_OK", "context":{"environment":"Prod_southindia_prod-s01-004-apac-southindia", "migrationStage":"NotStarted", "server":"akswtt019000036"}}
{"logTime": "1016/033701", "correlationVector":"FQE8TYOMVCVbkJTf1+Neyd.2","action":"ProcessGetUpdates", "result":"Done", "context":{"dataType":"Bookmarks", "deleted":"1", "process_failed_to_decrypt":"0", "process_pending_decryption":"0", "process_success":"9", "total":"9"}}
{"logTime": "1016/033701", "correlationVector":"FQE8TYOMVCVbkJTf1+Neyd.3","action":"GetUpdates Response", "result":"Success", "context":Received 9 update(s). cV=FQE8TYOMVCVbkJTf1+Neyd.0;server=akswtt019000036;cloudType=Consumer;environment=Prod_southindia_prod-s01-004-apac-southindia;migrationStage=NotStarted}
{"logTime": "1016/033701", "correlationVector":"3K7PF16rlwYZrf0vQx4Y1M","action":"Initial GetUpdates", "result":"", "context":Reason: NEWLY_SUPPORTED_DATATYPE. cV=3K7PF16rlwYZrf0vQx4Y1M}
{"logTime": "1016/033703", "correlationVector":"3K7PF16rlwYZrf0vQx4Y1M.1","action":"SyncServerConnectionManagerRequest", "result":"SYNC_SERVER_OK", "context":{"environment":"Prod_southindia_prod-s01-004-apac-southindia", "migrationStage":"NotStarted", "server":"akswtt019000031"}}
{"logTime": "1016/033703", "correlationVector":"3K7PF16rlwYZrf0vQx4Y1M.2","action":"ProcessGetUpdates", "result":"Done", "context":{"dataType":"Autofill Profiles", "deleted":"0", "process_failed_to_decrypt":"0", "process_pending_decryption":"0", "process_success":"8", "total":"8"}}
{"logTime": "1016/033703", "correlationVector":"3K7PF16rlwYZrf0vQx4Y1M.3","action":"ProcessGetUpdates", "result":"Done", "context":{"dataType":"Autofill", "deleted":"0", "process_failed_to_decrypt":"0", "process_pending_decryption":"0", "process_success":"44", "total":"44"}}
{"logTime": "1016/033703", "correlationVector":"3K7PF16rlwYZrf0vQx4Y1M.4","action":"ProcessGetUpdates", "result":"Done", "context":{"dataType":"Sessions", "deleted":"194", "process_failed_to_decrypt":"0", "process_pending_decryption":"0", "process_success":"194", "total":"194"}}
{"logTime": "1016/033703", "correlationVector":"3K7PF16rlwYZrf0vQx4Y1M.5","action":"ProcessGetUpdates", "result":"Done", "context":{"dataType":"Edge Hub App Usage", "deleted":"1", "process_failed_to_decrypt":"0", "process_pending_decryption":"0", "process_success":"4", "total":"4"}}
{"logTime": "1016/033703", "correlationVector":"3K7PF16rlwYZrf0vQx4Y1M.6","action":"GetUpdates Response", "result":"Success", "context":Received 250 update(s). cV=3K7PF16rlwYZrf0vQx4Y1M.0;server=akswtt019000031;cloudType=Consumer;environment=Prod_southindia_prod-s01-004-apac-southindia;migrationStage=NotStarted Some updates remain.}
{"logTime": "1016/033703", "correlationVector":"ooImLjjMefT2WdK97e5HgQ","action":"Initial GetUpdates", "result":"", "context":Reason: NEWLY_SUPPORTED_DATATYPE. cV=ooImLjjMefT2WdK97e5HgQ}
{"logTime": "1016/033704", "correlationVector":"ooImLjjMefT2WdK97e5HgQ.1","action":"SyncServerConnectionManagerRequest", "result":"SYNC_SERVER_OK", "context":{"environment":"Prod_southindia_prod-s01-004-apac-southindia", "migrationStage":"NotStarted", "server":"akswtt019000003"}}
{"logTime": "1016/033704", "correlationVector":"ooImLjjMefT2WdK97e5HgQ.2","action":"ProcessGetUpdates", "result":"Done", "context":{"dataType":"Autofill Profiles", "deleted":"0", "process_failed_to_decrypt":"0", "process_pending_decryption":"0", "process_success":"2", "total":"2"}}
{"logTime": "1016/033704", "correlationVector":"ooImLjjMefT2WdK97e5HgQ.3","action":"ProcessGetUpdates", "result":"Done", "context":{"dataType":"Autofill", "deleted":"0", "process_failed_to_decrypt":"0", "process_pending_decryption":"0", "process_success":"6", "total":"6"}}
{"logTime": "1016/033704", "correlationVector":"ooImLjjMefT2WdK97e5HgQ.4","action":"ProcessGetUpdates", "result":"Done", "context":{"dataType":"Sessions", "deleted":"45", "process_failed_to_decrypt":"0", "process_pending_decryption":"0", "process_success":"50", "total":"50"}}
{"logTime": "1016/033704", "correlationVector":"ooImLjjMefT2WdK97e5HgQ.5","action":"ProcessGetUpdates", "result":"Done", "context":{"dataType":"Edge Hub App Usage", "deleted":"1", "process_failed_to_decrypt":"0", "process_pending_decryption":"0", "process_success":"1", "total":"1"}}
{"logTime": "1016/033704", "correlationVector":"ooImLjjMefT2WdK97e5HgQ.6","action":"GetUpdates Response", "result":"Success", "context":Received 59 update(s). cV=ooImLjjMefT2WdK97e5HgQ.0;server=akswtt019000003;cloudType=Consumer;environment=Prod_southindia_prod-s01-004-apac-southindia;migrationStage=NotStarted}
{"logTime": "1016/033704", "correlationVector":"tvAotkga8hC3Xn+EKfMrFM","action":"Initial GetUpdates", "result":"", "context":Reason: NEWLY_SUPPORTED_DATATYPE. cV=tvAotkga8hC3Xn+EKfMrFM}
{"logTime": "1016/033706", "correlationVector":"tvAotkga8hC3Xn+EKfMrFM.1","action":"SyncServerConnectionManagerRequest", "result":"SYNC_SERVER_OK", "context":{"environment":"Prod_southindia_prod-s01-004-apac-southindia", "migrationStage":"NotStarted", "server":"akswtt019000027"}}
{"logTime": "1016/033706", "correlationVector":"tvAotkga8hC3Xn+EKfMrFM.2","action":"ProcessGetUpdates", "result":"Done", "context":{"dataType":"History", "deleted":"0", "process_failed_to_decrypt":"0", "process_pending_decryption":"0", "process_success":"250", "total":"250"}}
{"logTime": "1016/033706", "correlationVector":"tvAotkga8hC3Xn+EKfMrFM.3","action":"GetUpdates Response", "result":"Success", "context":Received 250 update(s). cV=tvAotkga8hC3Xn+EKfMrFM.0;server=akswtt019000027;cloudType=Consumer;environment=Prod_southindia_prod-s01-004-apac-southindia;migrationStage=NotStarted Some updates remain.}
{"logTime": "1016/033706", "correlationVector":"nfSwJOm2xJnxUgtQQRatYb","action":"Initial GetUpdates", "result":"", "context":Reason: NEWLY_SUPPORTED_DATATYPE. cV=nfSwJOm2xJnxUgtQQRatYb}
{"logTime": "1016/033707", "correlationVector":"nfSwJOm2xJnxUgtQQRatYb.1","action":"SyncServerConnectionManagerRequest", "result":"SYNC_SERVER_OK", "context":{"environment":"Prod_southindia_prod-s01-004-apac-southindia", "migrationStage":"NotStarted", "server":"akswtt019000006"}}
{"logTime": "1016/033707", "correlationVector":"nfSwJOm2xJnxUgtQQRatYb.2","action":"ProcessGetUpdates", "result":"Done", "context":{"dataType":"History", "deleted":"0", "process_failed_to_decrypt":"0", "process_pending_decryption":"0", "process_success":"250", "total":"250"}}
{"logTime": "1016/033707", "correlationVector":"nfSwJOm2xJnxUgtQQRatYb.3","action":"GetUpdates Response", "result":"Success", "context":Received 250 update(s). cV=nfSwJOm2xJnxUgtQQRatYb.0;server=akswtt019000006;cloudType=Consumer;environment=Prod_southindia_prod-s01-004-apac-southindia;migrationStage=NotStarted Some updates remain.}
{"logTime": "1016/033707", "correlationVector":"kxBR9xS0KGG2eC/N7glEOW","action":"Initial GetUpdates", "result":"", "context":Reason: NEWLY_SUPPORTED_DATATYPE. cV=kxBR9xS0KGG2eC/N7glEOW}
{"logTime": "1016/033708", "correlationVector":"kxBR9xS0KGG2eC/N7glEOW.1","action":"SyncServerConnectionManagerRequest", "result":"SYNC_SERVER_OK", "context":{"environment":"Prod_southindia_prod-s01-004-apac-southindia", "migrationStage":"NotStarted", "server":"akswtt019000012"}}
{"logTime": "1016/033708", "correlationVector":"kxBR9xS0KGG2eC/N7glEOW.2","action":"ProcessGetUpdates", "result":"Done", "context":{"dataType":"History", "deleted":"0", "process_failed_to_decrypt":"0", "process_pending_decryption":"0", "process_success":"250", "total":"250"}}
{"logTime": "1016/033708", "correlationVector":"kxBR9xS0KGG2eC/N7glEOW.3","action":"GetUpdates Response", "result":"Success", "context":Received 250 update(s). cV=kxBR9xS0KGG2eC/N7glEOW.0;server=akswtt019000012;cloudType=Consumer;environment=Prod_southindia_prod-s01-004-apac-southindia;migrationStage=NotStarted Some updates remain.}
{"logTime": "1016/033708", "correlationVector":"fQhkg0d3QSHUa7ICpmNO9y","action":"Initial GetUpdates", "result":"", "context":Reason: NEWLY_SUPPORTED_DATATYPE. cV=fQhkg0d3QSHUa7ICpmNO9y}
{"logTime": "1016/033709", "correlationVector":"fQhkg0d3QSHUa7ICpmNO9y.1","action":"SyncServerConnectionManagerRequest", "result":"SYNC_SERVER_OK", "context":{"environment":"Prod_southindia_prod-s01-004-apac-southindia", "migrationStage":"NotStarted", "server":"akswtt01900001s"}}
{"logTime": "1016/033709", "correlationVector":"fQhkg0d3QSHUa7ICpmNO9y.2","action":"ProcessGetUpdates", "result":"Done", "context":{"dataType":"History", "deleted":"0", "process_failed_to_decrypt":"0", "process_pending_decryption":"0", "process_success":"250", "total":"250"}}
{"logTime": "1016/033709", "correlationVector":"fQhkg0d3QSHUa7ICpmNO9y.3","action":"GetUpdates Response", "result":"Success", "context":Received 250 update(s). cV=fQhkg0d3QSHUa7ICpmNO9y.0;server=akswtt01900001s;cloudType=Consumer;environment=Prod_southindia_prod-s01-004-apac-southindia;migrationStage=NotStarted Some updates remain.}
{"logTime": "1016/033709", "correlationVector":"mGOCwlaRqbK46PhrNQSNLs","action":"Initial GetUpdates", "result":"", "context":Reason: NEWLY_SUPPORTED_DATATYPE. cV=mGOCwlaRqbK46PhrNQSNLs}
{"logTime": "1016/033710", "correlationVector":"mGOCwlaRqbK46PhrNQSNLs.1","action":"SyncServerConnectionManagerRequest", "result":"SYNC_SERVER_OK", "context":{"environment":"Prod_southindia_prod-s01-004-apac-southindia", "migrationStage":"NotStarted", "server":"akswtt019000035"}}
{"logTime": "1016/033710", "correlationVector":"mGOCwlaRqbK46PhrNQSNLs.2","action":"ProcessGetUpdates", "result":"Done", "context":{"dataType":"History", "deleted":"0", "process_failed_to_decrypt":"0", "process_pending_decryption":"0", "process_success":"250", "total":"250"}}
{"logTime": "1016/033710", "correlationVector":"mGOCwlaRqbK46PhrNQSNLs.3","action":"GetUpdates Response", "result":"Success", "context":Received 250 update(s). cV=mGOCwlaRqbK46PhrNQSNLs.0;server=akswtt019000035;cloudType=Consumer;environment=Prod_southindia_prod-s01-004-apac-southindia;migrationStage=NotStarted Some updates remain.}
{"logTime": "1016/033710", "correlationVector":"+tKooWjL/Dt+28BM/axCHk","action":"Initial GetUpdates", "result":"", "context":Reason: NEWLY_SUPPORTED_DATATYPE. cV=+tKooWjL/Dt+28BM/axCHk}
{"logTime": "1016/033711", "correlationVector":"+tKooWjL/Dt+28BM/axCHk.1","action":"SyncServerConnectionManagerRequest", "result":"SYNC_SERVER_OK", "context":{"environment":"Prod_southindia_prod-s01-004-apac-southindia", "migrationStage":"NotStarted", "server":"akswtt019000031"}}
{"logTime": "1016/033711", "correlationVector":"+tKooWjL/Dt+28BM/axCHk.2","action":"ProcessGetUpdates", "result":"Done", "context":{"dataType":"History", "deleted":"0", "process_failed_to_decrypt":"0", "process_pending_decryption":"0", "process_success":"250", "total":"250"}}
{"logTime": "1016/033711", "correlationVector":"+tKooWjL/Dt+28BM/axCHk.3","action":"GetUpdates Response", "result":"Success", "context":Received 250 update(s). cV=+tKooWjL/Dt+28BM/axCHk.0;server=akswtt019000031;cloudType=Consumer;environment=Prod_southindia_prod-s01-004-apac-southindia;migrationStage=NotStarted Some updates remain.}
{"logTime": "1016/033711", "correlationVector":"tVmxg1ibIeQHOjz5IJndEi","action":"Initial GetUpdates", "result":"", "context":Reason: NEWLY_SUPPORTED_DATATYPE. cV=tVmxg1ibIeQHOjz5IJndEi}
{"logTime": "1016/033712", "correlationVector":"tVmxg1ibIeQHOjz5IJndEi.1","action":"SyncServerConnectionManagerRequest", "result":"SYNC_SERVER_OK", "context":{"environment":"Prod_southindia_prod-s01-004-apac-southindia", "migrationStage":"NotStarted", "server":"akswtt019000012"}}
{"logTime": "1016/033712", "correlationVector":"tVmxg1ibIeQHOjz5IJndEi.2","action":"ProcessGetUpdates", "result":"Done", "context":{"dataType":"History", "deleted":"0", "process_failed_to_decrypt":"0", "process_pending_decryption":"0", "process_success":"243", "total":"243"}}
{"logTime": "1016/033712", "correlationVector":"tVmxg1ibIeQHOjz5IJndEi.3","action":"GetUpdates Response", "result":"Success", "context":Received 243 update(s). cV=tVmxg1ibIeQHOjz5IJndEi.0;server=akswtt019000012;cloudType=Consumer;environment=Prod_southindia_prod-s01-004-apac-southindia;migrationStage=NotStarted}
{"logTime": "1016/033712", "correlationVector":"F1++u6c2q5cgkLjVqI0JRG","action":"Normal GetUpdate request", "result":"", "context":cV=F1++u6c2q5cgkLjVqI0JRG
Nudged types: Preferences, Passwords, Sessions, Device Info, User Consents, History
Refresh requested types: Bookmarks, Preferences, Passwords, Autofill Profiles, Autofill, Extensions, Sessions, Extension settings, History Delete Directives, Device Info, User Consents, Send Tab To Self, Web Apps, History, Saved Tab Group, WebAuthn Credentials, Collection, Edge E Drop, Edge Hub App Usage, Edge Wallet, Encryption Keys}
{"logTime": "1016/033713", "correlationVector":"F1++u6c2q5cgkLjVqI0JRG.1","action":"SyncServerConnectionManagerRequest", "result":"SYNC_SERVER_OK", "context":{"environment":"Prod_southindia_prod-s01-004-apac-southindia", "migrationStage":"NotStarted", "server":"akswtt019000035"}}
{"logTime": "1016/033713", "correlationVector":"F1++u6c2q5cgkLjVqI0JRG.2","action":"GetUpdates Response", "result":"Success", "context":Received 0 update(s). cV=F1++u6c2q5cgkLjVqI0JRG.0;server=akswtt019000035;cloudType=Consumer;environment=Prod_southindia_prod-s01-004-apac-southindia;migrationStage=NotStarted}
{"logTime": "1016/033713", "correlationVector":"4qTf1I8+VYoK5WbV/LdFzj","action":"Commit Request", "result":"", "context":Item count: 32
Contributing types: Preferences, Passwords, Sessions, Device Info, User Consents, History}
{"logTime": "1016/033716", "correlationVector":"4qTf1I8+VYoK5WbV/LdFzj.1","action":"SyncServerConnectionManagerRequest", "result":"SYNC_SERVER_OK", "context":{"environment":"Prod_southindia_prod-s01-004-apac-southindia", "migrationStage":"NotStarted", "server":"akswtt019000006"}}
{"logTime": "1016/033716", "correlationVector":"4qTf1I8+VYoK5WbV/LdFzj.2","action":"Commit Response", "result":"Success", "context":Result: Success. cV=4qTf1I8+VYoK5WbV/LdFzj.0;server=akswtt019000006;cloudType=Consumer;environment=Prod_southindia_prod-s01-004-apac-southindia;migrationStage=NotStarted}
{"logTime": "1016/033748", "correlationVector":"ai1QTRl19bMxXhDFufuKJs","action":"Commit Request", "result":"", "context":Item count: 29
Contributing types: Passwords, Sessions, History}
{"logTime": "1016/033751", "correlationVector":"ai1QTRl19bMxXhDFufuKJs.1","action":"SyncServerConnectionManagerRequest", "result":"SYNC_SERVER_OK", "context":{"environment":"Prod_southindia_prod-s01-004-apac-southindia", "migrationStage":"NotStarted", "server":"akswtt01900001s"}}
{"logTime": "1016/033751", "correlationVector":"ai1QTRl19bMxXhDFufuKJs.2","action":"Commit Response", "result":"Success", "context":Result: Success. cV=ai1QTRl19bMxXhDFufuKJs.0;server=akswtt01900001s;cloudType=Consumer;environment=Prod_southindia_prod-s01-004-apac-southindia;migrationStage=NotStarted}
